/cluster/home/vbarenne/miniconda3/envs/doctor/lib/python3.8/site-packages/sklearn/cluster/_kmeans.py:870: FutureWarning: The default value of `n_init` will change from 10 to 'auto' in 1.4. Set the value of `n_init` explicitly to suppress the warning
  warnings.warn(
/cluster/home/vbarenne/miniconda3/envs/doctor/lib/python3.8/site-packages/sklearn/cluster/_kmeans.py:870: FutureWarning: The default value of `n_init` will change from 10 to 'auto' in 1.4. Set the value of `n_init` explicitly to suppress the warning
  warnings.warn(
/cluster/home/vbarenne/miniconda3/envs/doctor/lib/python3.8/site-packages/sklearn/cluster/_kmeans.py:870: FutureWarning: The default value of `n_init` will change from 10 to 'auto' in 1.4. Set the value of `n_init` explicitly to suppress the warning
  warnings.warn(
/cluster/home/vbarenne/miniconda3/envs/doctor/lib/python3.8/site-packages/sklearn/cluster/_kmeans.py:870: FutureWarning: The default value of `n_init` will change from 10 to 'auto' in 1.4. Set the value of `n_init` explicitly to suppress the warning
  warnings.warn(
/cluster/home/vbarenne/miniconda3/envs/doctor/lib/python3.8/site-packages/sklearn/cluster/_kmeans.py:870: FutureWarning: The default value of `n_init` will change from 10 to 'auto' in 1.4. Set the value of `n_init` explicitly to suppress the warning
  warnings.warn(
/cluster/home/vbarenne/miniconda3/envs/doctor/lib/python3.8/site-packages/sklearn/cluster/_kmeans.py:870: FutureWarning: The default value of `n_init` will change from 10 to 'auto' in 1.4. Set the value of `n_init` explicitly to suppress the warning
  warnings.warn(
/cluster/home/vbarenne/miniconda3/envs/doctor/lib/python3.8/site-packages/sklearn/cluster/_kmeans.py:870: FutureWarning: The default value of `n_init` will change from 10 to 'auto' in 1.4. Set the value of `n_init` explicitly to suppress the warning
  warnings.warn(
/cluster/home/vbarenne/miniconda3/envs/doctor/lib/python3.8/site-packages/sklearn/cluster/_kmeans.py:870: FutureWarning: The default value of `n_init` will change from 10 to 'auto' in 1.4. Set the value of `n_init` explicitly to suppress the warning
  warnings.warn(
/cluster/home/vbarenne/miniconda3/envs/doctor/lib/python3.8/site-packages/sklearn/cluster/_kmeans.py:870: FutureWarning: The default value of `n_init` will change from 10 to 'auto' in 1.4. Set the value of `n_init` explicitly to suppress the warning
  warnings.warn(
/cluster/home/vbarenne/miniconda3/envs/doctor/lib/python3.8/site-packages/sklearn/cluster/_kmeans.py:870: FutureWarning: The default value of `n_init` will change from 10 to 'auto' in 1.4. Set the value of `n_init` explicitly to suppress the warning
  warnings.warn(
/cluster/home/vbarenne/miniconda3/envs/doctor/lib/python3.8/site-packages/sklearn/cluster/_kmeans.py:870: FutureWarning: The default value of `n_init` will change from 10 to 'auto' in 1.4. Set the value of `n_init` explicitly to suppress the warning
  warnings.warn(
/cluster/home/vbarenne/miniconda3/envs/doctor/lib/python3.8/site-packages/sklearn/cluster/_kmeans.py:870: FutureWarning: The default value of `n_init` will change from 10 to 'auto' in 1.4. Set the value of `n_init` explicitly to suppress the warning
  warnings.warn(
/cluster/home/vbarenne/miniconda3/envs/doctor/lib/python3.8/site-packages/sklearn/cluster/_kmeans.py:870: FutureWarning: The default value of `n_init` will change from 10 to 'auto' in 1.4. Set the value of `n_init` explicitly to suppress the warning
  warnings.warn(
/cluster/home/vbarenne/miniconda3/envs/doctor/lib/python3.8/site-packages/sklearn/cluster/_kmeans.py:870: FutureWarning: The default value of `n_init` will change from 10 to 'auto' in 1.4. Set the value of `n_init` explicitly to suppress the warning
  warnings.warn(
/cluster/home/vbarenne/miniconda3/envs/doctor/lib/python3.8/site-packages/sklearn/cluster/_kmeans.py:870: FutureWarning: The default value of `n_init` will change from 10 to 'auto' in 1.4. Set the value of `n_init` explicitly to suppress the warning
  warnings.warn(
/cluster/home/vbarenne/miniconda3/envs/doctor/lib/python3.8/site-packages/sklearn/cluster/_kmeans.py:870: FutureWarning: The default value of `n_init` will change from 10 to 'auto' in 1.4. Set the value of `n_init` explicitly to suppress the warning
  warnings.warn(
/cluster/home/vbarenne/miniconda3/envs/doctor/lib/python3.8/site-packages/sklearn/cluster/_kmeans.py:870: FutureWarning: The default value of `n_init` will change from 10 to 'auto' in 1.4. Set the value of `n_init` explicitly to suppress the warning
  warnings.warn(
/cluster/home/vbarenne/miniconda3/envs/doctor/lib/python3.8/site-packages/sklearn/cluster/_kmeans.py:870: FutureWarning: The default value of `n_init` will change from 10 to 'auto' in 1.4. Set the value of `n_init` explicitly to suppress the warning
  warnings.warn(
/cluster/home/vbarenne/miniconda3/envs/doctor/lib/python3.8/site-packages/sklearn/cluster/_kmeans.py:870: FutureWarning: The default value of `n_init` will change from 10 to 'auto' in 1.4. Set the value of `n_init` explicitly to suppress the warning
  warnings.warn(
/cluster/home/vbarenne/miniconda3/envs/doctor/lib/python3.8/site-packages/sklearn/cluster/_kmeans.py:870: FutureWarning: The default value of `n_init` will change from 10 to 'auto' in 1.4. Set the value of `n_init` explicitly to suppress the warning
  warnings.warn(
/cluster/home/vbarenne/miniconda3/envs/doctor/lib/python3.8/site-packages/sklearn/cluster/_kmeans.py:870: FutureWarning: The default value of `n_init` will change from 10 to 'auto' in 1.4. Set the value of `n_init` explicitly to suppress the warning
  warnings.warn(
/cluster/home/vbarenne/miniconda3/envs/doctor/lib/python3.8/site-packages/sklearn/cluster/_kmeans.py:870: FutureWarning: The default value of `n_init` will change from 10 to 'auto' in 1.4. Set the value of `n_init` explicitly to suppress the warning
  warnings.warn(
/cluster/home/vbarenne/miniconda3/envs/doctor/lib/python3.8/site-packages/sklearn/cluster/_kmeans.py:870: FutureWarning: The default value of `n_init` will change from 10 to 'auto' in 1.4. Set the value of `n_init` explicitly to suppress the warning
  warnings.warn(
/cluster/home/vbarenne/miniconda3/envs/doctor/lib/python3.8/site-packages/sklearn/cluster/_kmeans.py:870: FutureWarning: The default value of `n_init` will change from 10 to 'auto' in 1.4. Set the value of `n_init` explicitly to suppress the warning
  warnings.warn(
/cluster/home/vbarenne/miniconda3/envs/doctor/lib/python3.8/site-packages/sklearn/cluster/_kmeans.py:870: FutureWarning: The default value of `n_init` will change from 10 to 'auto' in 1.4. Set the value of `n_init` explicitly to suppress the warning
  warnings.warn(
/cluster/home/vbarenne/miniconda3/envs/doctor/lib/python3.8/site-packages/sklearn/cluster/_kmeans.py:870: FutureWarning: The default value of `n_init` will change from 10 to 'auto' in 1.4. Set the value of `n_init` explicitly to suppress the warning
  warnings.warn(
/cluster/home/vbarenne/miniconda3/envs/doctor/lib/python3.8/site-packages/sklearn/cluster/_kmeans.py:870: FutureWarning: The default value of `n_init` will change from 10 to 'auto' in 1.4. Set the value of `n_init` explicitly to suppress the warning
  warnings.warn(
/cluster/home/vbarenne/miniconda3/envs/doctor/lib/python3.8/site-packages/sklearn/cluster/_kmeans.py:870: FutureWarning: The default value of `n_init` will change from 10 to 'auto' in 1.4. Set the value of `n_init` explicitly to suppress the warning
  warnings.warn(
/cluster/home/vbarenne/miniconda3/envs/doctor/lib/python3.8/site-packages/sklearn/cluster/_kmeans.py:870: FutureWarning: The default value of `n_init` will change from 10 to 'auto' in 1.4. Set the value of `n_init` explicitly to suppress the warning
  warnings.warn(
/cluster/home/vbarenne/miniconda3/envs/doctor/lib/python3.8/site-packages/sklearn/cluster/_kmeans.py:870: FutureWarning: The default value of `n_init` will change from 10 to 'auto' in 1.4. Set the value of `n_init` explicitly to suppress the warning
  warnings.warn(
/cluster/home/vbarenne/miniconda3/envs/doctor/lib/python3.8/site-packages/sklearn/cluster/_kmeans.py:870: FutureWarning: The default value of `n_init` will change from 10 to 'auto' in 1.4. Set the value of `n_init` explicitly to suppress the warning
  warnings.warn(
/cluster/home/vbarenne/miniconda3/envs/doctor/lib/python3.8/site-packages/sklearn/cluster/_kmeans.py:870: FutureWarning: The default value of `n_init` will change from 10 to 'auto' in 1.4. Set the value of `n_init` explicitly to suppress the warning
  warnings.warn(
/cluster/home/vbarenne/miniconda3/envs/doctor/lib/python3.8/site-packages/sklearn/cluster/_kmeans.py:870: FutureWarning: The default value of `n_init` will change from 10 to 'auto' in 1.4. Set the value of `n_init` explicitly to suppress the warning
  warnings.warn(
/cluster/home/vbarenne/miniconda3/envs/doctor/lib/python3.8/site-packages/sklearn/cluster/_kmeans.py:870: FutureWarning: The default value of `n_init` will change from 10 to 'auto' in 1.4. Set the value of `n_init` explicitly to suppress the warning
  warnings.warn(
/cluster/home/vbarenne/miniconda3/envs/doctor/lib/python3.8/site-packages/sklearn/cluster/_kmeans.py:870: FutureWarning: The default value of `n_init` will change from 10 to 'auto' in 1.4. Set the value of `n_init` explicitly to suppress the warning
  warnings.warn(
/cluster/home/vbarenne/miniconda3/envs/doctor/lib/python3.8/site-packages/sklearn/cluster/_kmeans.py:870: FutureWarning: The default value of `n_init` will change from 10 to 'auto' in 1.4. Set the value of `n_init` explicitly to suppress the warning
  warnings.warn(
/cluster/home/vbarenne/miniconda3/envs/doctor/lib/python3.8/site-packages/sklearn/cluster/_kmeans.py:870: FutureWarning: The default value of `n_init` will change from 10 to 'auto' in 1.4. Set the value of `n_init` explicitly to suppress the warning
  warnings.warn(
/cluster/home/vbarenne/miniconda3/envs/doctor/lib/python3.8/site-packages/sklearn/cluster/_kmeans.py:870: FutureWarning: The default value of `n_init` will change from 10 to 'auto' in 1.4. Set the value of `n_init` explicitly to suppress the warning
  warnings.warn(
/cluster/home/vbarenne/miniconda3/envs/doctor/lib/python3.8/site-packages/sklearn/cluster/_kmeans.py:870: FutureWarning: The default value of `n_init` will change from 10 to 'auto' in 1.4. Set the value of `n_init` explicitly to suppress the warning
  warnings.warn(
/cluster/home/vbarenne/miniconda3/envs/doctor/lib/python3.8/site-packages/sklearn/cluster/_kmeans.py:870: FutureWarning: The default value of `n_init` will change from 10 to 'auto' in 1.4. Set the value of `n_init` explicitly to suppress the warning
  warnings.warn(
/cluster/home/vbarenne/miniconda3/envs/doctor/lib/python3.8/site-packages/sklearn/cluster/_kmeans.py:870: FutureWarning: The default value of `n_init` will change from 10 to 'auto' in 1.4. Set the value of `n_init` explicitly to suppress the warning
  warnings.warn(
/cluster/home/vbarenne/miniconda3/envs/doctor/lib/python3.8/site-packages/sklearn/cluster/_kmeans.py:870: FutureWarning: The default value of `n_init` will change from 10 to 'auto' in 1.4. Set the value of `n_init` explicitly to suppress the warning
  warnings.warn(
/cluster/home/vbarenne/miniconda3/envs/doctor/lib/python3.8/site-packages/sklearn/cluster/_kmeans.py:870: FutureWarning: The default value of `n_init` will change from 10 to 'auto' in 1.4. Set the value of `n_init` explicitly to suppress the warning
  warnings.warn(
/cluster/home/vbarenne/miniconda3/envs/doctor/lib/python3.8/site-packages/sklearn/cluster/_kmeans.py:870: FutureWarning: The default value of `n_init` will change from 10 to 'auto' in 1.4. Set the value of `n_init` explicitly to suppress the warning
  warnings.warn(
/cluster/home/vbarenne/miniconda3/envs/doctor/lib/python3.8/site-packages/sklearn/cluster/_kmeans.py:870: FutureWarning: The default value of `n_init` will change from 10 to 'auto' in 1.4. Set the value of `n_init` explicitly to suppress the warning
  warnings.warn(
/cluster/home/vbarenne/miniconda3/envs/doctor/lib/python3.8/site-packages/sklearn/cluster/_kmeans.py:870: FutureWarning: The default value of `n_init` will change from 10 to 'auto' in 1.4. Set the value of `n_init` explicitly to suppress the warning
  warnings.warn(
/cluster/home/vbarenne/miniconda3/envs/doctor/lib/python3.8/site-packages/sklearn/cluster/_kmeans.py:870: FutureWarning: The default value of `n_init` will change from 10 to 'auto' in 1.4. Set the value of `n_init` explicitly to suppress the warning
  warnings.warn(
/cluster/home/vbarenne/miniconda3/envs/doctor/lib/python3.8/site-packages/sklearn/cluster/_kmeans.py:870: FutureWarning: The default value of `n_init` will change from 10 to 'auto' in 1.4. Set the value of `n_init` explicitly to suppress the warning
  warnings.warn(
/cluster/home/vbarenne/miniconda3/envs/doctor/lib/python3.8/site-packages/sklearn/cluster/_kmeans.py:870: FutureWarning: The default value of `n_init` will change from 10 to 'auto' in 1.4. Set the value of `n_init` explicitly to suppress the warning
  warnings.warn(
/cluster/home/vbarenne/miniconda3/envs/doctor/lib/python3.8/site-packages/sklearn/cluster/_kmeans.py:870: FutureWarning: The default value of `n_init` will change from 10 to 'auto' in 1.4. Set the value of `n_init` explicitly to suppress the warning
  warnings.warn(
/cluster/home/vbarenne/miniconda3/envs/doctor/lib/python3.8/site-packages/sklearn/cluster/_kmeans.py:870: FutureWarning: The default value of `n_init` will change from 10 to 'auto' in 1.4. Set the value of `n_init` explicitly to suppress the warning
  warnings.warn(
/cluster/home/vbarenne/miniconda3/envs/doctor/lib/python3.8/site-packages/sklearn/cluster/_kmeans.py:870: FutureWarning: The default value of `n_init` will change from 10 to 'auto' in 1.4. Set the value of `n_init` explicitly to suppress the warning
  warnings.warn(
/cluster/home/vbarenne/miniconda3/envs/doctor/lib/python3.8/site-packages/sklearn/cluster/_kmeans.py:870: FutureWarning: The default value of `n_init` will change from 10 to 'auto' in 1.4. Set the value of `n_init` explicitly to suppress the warning
  warnings.warn(
/cluster/home/vbarenne/miniconda3/envs/doctor/lib/python3.8/site-packages/sklearn/cluster/_kmeans.py:870: FutureWarning: The default value of `n_init` will change from 10 to 'auto' in 1.4. Set the value of `n_init` explicitly to suppress the warning
  warnings.warn(
/cluster/home/vbarenne/miniconda3/envs/doctor/lib/python3.8/site-packages/sklearn/cluster/_kmeans.py:870: FutureWarning: The default value of `n_init` will change from 10 to 'auto' in 1.4. Set the value of `n_init` explicitly to suppress the warning
  warnings.warn(
ProbCover Sampler initialized for threshold 0.95 with radius 2.81
Updated ProbCover Sampler using the new acquired labels, new radius: 2.82
Updated ProbCover Sampler using the new acquired labels, new radius: 2.67
Updated ProbCover Sampler using the new acquired labels, new radius: 2.77
Updated ProbCover Sampler using the new acquired labels, new radius: 2.54
Updated ProbCover Sampler using the new acquired labels, new radius: 2.6
Updated ProbCover Sampler using the new acquired labels, new radius: 2.7600000000000002
Updated ProbCover Sampler using the new acquired labels, new radius: 2.0300000000000002
Updated ProbCover Sampler using the new acquired labels, new radius: 2.0100000000000002
Updated ProbCover Sampler using the new acquired labels, new radius: 1.99
Updated ProbCover Sampler using the new acquired labels, new radius: 1.99
ProbCover Sampler initialized for threshold 0.95 with radius 1.98
Updated ProbCover Sampler using the new acquired labels, new radius: 1.98
Updated ProbCover Sampler using the new acquired labels, new radius: 1.98
Updated ProbCover Sampler using the new acquired labels, new radius: 1.99
Updated ProbCover Sampler using the new acquired labels, new radius: 1.99
Updated ProbCover Sampler using the new acquired labels, new radius: 1.99
Updated ProbCover Sampler using the new acquired labels, new radius: 1.98
Updated ProbCover Sampler using the new acquired labels, new radius: 1.97
Updated ProbCover Sampler using the new acquired labels, new radius: 1.98
Updated ProbCover Sampler using the new acquired labels, new radius: 1.99
Updated ProbCover Sampler using the new acquired labels, new radius: 1.98
ProbCover Sampler initialized for threshold 0.95 with radius 1.95
Updated ProbCover Sampler using the new acquired labels, new radius: 1.95
Updated ProbCover Sampler using the new acquired labels, new radius: 1.95
Updated ProbCover Sampler using the new acquired labels, new radius: 1.95
Updated ProbCover Sampler using the new acquired labels, new radius: 1.95
Updated ProbCover Sampler using the new acquired labels, new radius: 1.95
Updated ProbCover Sampler using the new acquired labels, new radius: 1.95
Updated ProbCover Sampler using the new acquired labels, new radius: 1.95
Updated ProbCover Sampler using the new acquired labels, new radius: 1.95
Updated ProbCover Sampler using the new acquired labels, new radius: 1.95
Updated ProbCover Sampler using the new acquired labels, new radius: 1.95
ProbCover Sampler initialized for threshold 0.95 with radius 2.14
Updated ProbCover Sampler using the new acquired labels, new radius: 2.15
Updated ProbCover Sampler using the new acquired labels, new radius: 2.07
Updated ProbCover Sampler using the new acquired labels, new radius: 2.1
Updated ProbCover Sampler using the new acquired labels, new radius: 1.79
Updated ProbCover Sampler using the new acquired labels, new radius: 1.6400000000000001
Updated ProbCover Sampler using the new acquired labels, new radius: 1.62
Updated ProbCover Sampler using the new acquired labels, new radius: 1.61
Updated ProbCover Sampler using the new acquired labels, new radius: 1.6
Updated ProbCover Sampler using the new acquired labels, new radius: 1.61
Updated ProbCover Sampler using the new acquired labels, new radius: 1.59
ProbCover Sampler initialized for threshold 0.95 with radius 1.59
Updated ProbCover Sampler using the new acquired labels, new radius: 1.61
Updated ProbCover Sampler using the new acquired labels, new radius: 1.6
Updated ProbCover Sampler using the new acquired labels, new radius: 1.6
Updated ProbCover Sampler using the new acquired labels, new radius: 1.58
Updated ProbCover Sampler using the new acquired labels, new radius: 1.59
Updated ProbCover Sampler using the new acquired labels, new radius: 1.61
Updated ProbCover Sampler using the new acquired labels, new radius: 1.6
Updated ProbCover Sampler using the new acquired labels, new radius: 1.61
Updated ProbCover Sampler using the new acquired labels, new radius: 1.6
Updated ProbCover Sampler using the new acquired labels, new radius: 1.6
ProbCover Sampler initialized for threshold 0.95 with radius 1.57
Updated ProbCover Sampler using the new acquired labels, new radius: 1.57
Updated ProbCover Sampler using the new acquired labels, new radius: 1.57
Updated ProbCover Sampler using the new acquired labels, new radius: 1.57
Updated ProbCover Sampler using the new acquired labels, new radius: 1.57
Updated ProbCover Sampler using the new acquired labels, new radius: 1.57
Updated ProbCover Sampler using the new acquired labels, new radius: 1.57
Updated ProbCover Sampler using the new acquired labels, new radius: 1.57
Updated ProbCover Sampler using the new acquired labels, new radius: 1.57
Updated ProbCover Sampler using the new acquired labels, new radius: 1.57
Updated ProbCover Sampler using the new acquired labels, new radius: 1.57
ProbCover Sampler initialized for threshold 0.95 with radius 1.84
Updated ProbCover Sampler using the new acquired labels, new radius: 1.78
Updated ProbCover Sampler using the new acquired labels, new radius: 1.74
Updated ProbCover Sampler using the new acquired labels, new radius: 1.69
Updated ProbCover Sampler using the new acquired labels, new radius: 1.73
Updated ProbCover Sampler using the new acquired labels, new radius: 1.37
Updated ProbCover Sampler using the new acquired labels, new radius: 1.3800000000000001
Updated ProbCover Sampler using the new acquired labels, new radius: 1.34
Updated ProbCover Sampler using the new acquired labels, new radius: 1.36
Updated ProbCover Sampler using the new acquired labels, new radius: 1.35
Updated ProbCover Sampler using the new acquired labels, new radius: 1.35
ProbCover Sampler initialized for threshold 0.95 with radius 1.3800000000000001
Updated ProbCover Sampler using the new acquired labels, new radius: 1.37
Updated ProbCover Sampler using the new acquired labels, new radius: 1.37
Updated ProbCover Sampler using the new acquired labels, new radius: 1.37
Updated ProbCover Sampler using the new acquired labels, new radius: 1.3800000000000001
Updated ProbCover Sampler using the new acquired labels, new radius: 1.37
Updated ProbCover Sampler using the new acquired labels, new radius: 1.37
Updated ProbCover Sampler using the new acquired labels, new radius: 1.3800000000000001
Updated ProbCover Sampler using the new acquired labels, new radius: 1.37
Updated ProbCover Sampler using the new acquired labels, new radius: 1.3800000000000001
Updated ProbCover Sampler using the new acquired labels, new radius: 1.37
ProbCover Sampler initialized for threshold 0.95 with radius 1.36
Updated ProbCover Sampler using the new acquired labels, new radius: 1.36
Updated ProbCover Sampler using the new acquired labels, new radius: 1.36
Updated ProbCover Sampler using the new acquired labels, new radius: 1.36
Updated ProbCover Sampler using the new acquired labels, new radius: 1.36
Updated ProbCover Sampler using the new acquired labels, new radius: 1.36
Updated ProbCover Sampler using the new acquired labels, new radius: 1.36
Updated ProbCover Sampler using the new acquired labels, new radius: 1.36
Updated ProbCover Sampler using the new acquired labels, new radius: 1.36
Updated ProbCover Sampler using the new acquired labels, new radius: 1.36
Updated ProbCover Sampler using the new acquired labels, new radius: 1.36
ProbCover Sampler initialized for threshold 0.95 with radius 1.42
Updated ProbCover Sampler using the new acquired labels, new radius: 1.49
Updated ProbCover Sampler using the new acquired labels, new radius: 1.46
Updated ProbCover Sampler using the new acquired labels, new radius: 1.4000000000000001
Updated ProbCover Sampler using the new acquired labels, new radius: 1.1300000000000001
Updated ProbCover Sampler using the new acquired labels, new radius: 1.23
Updated ProbCover Sampler using the new acquired labels, new radius: 1.11
Updated ProbCover Sampler using the new acquired labels, new radius: 1.1
Updated ProbCover Sampler using the new acquired labels, new radius: 1.1
Updated ProbCover Sampler using the new acquired labels, new radius: 1.1300000000000001
Updated ProbCover Sampler using the new acquired labels, new radius: 1.1300000000000001
ProbCover Sampler initialized for threshold 0.95 with radius 1.1300000000000001
Updated ProbCover Sampler using the new acquired labels, new radius: 1.12
Updated ProbCover Sampler using the new acquired labels, new radius: 1.1300000000000001
Updated ProbCover Sampler using the new acquired labels, new radius: 1.12
Updated ProbCover Sampler using the new acquired labels, new radius: 1.1300000000000001
Updated ProbCover Sampler using the new acquired labels, new radius: 1.1300000000000001
Updated ProbCover Sampler using the new acquired labels, new radius: 1.1300000000000001
Updated ProbCover Sampler using the new acquired labels, new radius: 1.1300000000000001
Updated ProbCover Sampler using the new acquired labels, new radius: 1.12
Updated ProbCover Sampler using the new acquired labels, new radius: 1.1300000000000001
Updated ProbCover Sampler using the new acquired labels, new radius: 1.1300000000000001
ProbCover Sampler initialized for threshold 0.95 with radius 1.11
Updated ProbCover Sampler using the new acquired labels, new radius: 1.11
Updated ProbCover Sampler using the new acquired labels, new radius: 1.11
Updated ProbCover Sampler using the new acquired labels, new radius: 1.11
Updated ProbCover Sampler using the new acquired labels, new radius: 1.11
Updated ProbCover Sampler using the new acquired labels, new radius: 1.11
Updated ProbCover Sampler using the new acquired labels, new radius: 1.11
Updated ProbCover Sampler using the new acquired labels, new radius: 1.11
Updated ProbCover Sampler using the new acquired labels, new radius: 1.11
Updated ProbCover Sampler using the new acquired labels, new radius: 1.11
Updated ProbCover Sampler using the new acquired labels, new radius: 1.11
ProbCover Sampler initialized for threshold 0.95 with radius 1.55
Updated ProbCover Sampler using the new acquired labels, new radius: 1.46
Updated ProbCover Sampler using the new acquired labels, new radius: 1.34
Updated ProbCover Sampler using the new acquired labels, new radius: 1.3
Updated ProbCover Sampler using the new acquired labels, new radius: 1.17
Updated ProbCover Sampler using the new acquired labels, new radius: 1.16
Updated ProbCover Sampler using the new acquired labels, new radius: 1.09
Updated ProbCover Sampler using the new acquired labels, new radius: 1.04
Updated ProbCover Sampler using the new acquired labels, new radius: 1.04
Updated ProbCover Sampler using the new acquired labels, new radius: 1.05
Updated ProbCover Sampler using the new acquired labels, new radius: 1.06
ProbCover Sampler initialized for threshold 0.95 with radius 1.07
Updated ProbCover Sampler using the new acquired labels, new radius: 1.06
Updated ProbCover Sampler using the new acquired labels, new radius: 1.06
Updated ProbCover Sampler using the new acquired labels, new radius: 1.06
Updated ProbCover Sampler using the new acquired labels, new radius: 1.07
Updated ProbCover Sampler using the new acquired labels, new radius: 1.06
Updated ProbCover Sampler using the new acquired labels, new radius: 1.06
Updated ProbCover Sampler using the new acquired labels, new radius: 1.06
Updated ProbCover Sampler using the new acquired labels, new radius: 1.07
Updated ProbCover Sampler using the new acquired labels, new radius: 1.07
Updated ProbCover Sampler using the new acquired labels, new radius: 1.06
ProbCover Sampler initialized for threshold 0.95 with radius 1.05
Updated ProbCover Sampler using the new acquired labels, new radius: 1.05
Updated ProbCover Sampler using the new acquired labels, new radius: 1.05
Updated ProbCover Sampler using the new acquired labels, new radius: 1.05
Updated ProbCover Sampler using the new acquired labels, new radius: 1.05
Updated ProbCover Sampler using the new acquired labels, new radius: 1.05
Updated ProbCover Sampler using the new acquired labels, new radius: 1.05
Updated ProbCover Sampler using the new acquired labels, new radius: 1.05
Updated ProbCover Sampler using the new acquired labels, new radius: 1.05
Updated ProbCover Sampler using the new acquired labels, new radius: 1.05
Updated ProbCover Sampler using the new acquired labels, new radius: 1.05
Python 3.8.15 (default, Nov 24 2022, 15:19:38) 
Type 'copyright', 'credits' or 'license' for more information
IPython 8.7.0 -- An enhanced Interactive Python. Type '?' for help.

In [1]: Do you really want to exit ([y]/n)? 

