/cluster/home/vbarenne/miniconda3/envs/doctor/lib/python3.8/site-packages/sklearn/cluster/_kmeans.py:870: FutureWarning: The default value of `n_init` will change from 10 to 'auto' in 1.4. Set the value of `n_init` explicitly to suppress the warning
  warnings.warn(
/cluster/home/vbarenne/miniconda3/envs/doctor/lib/python3.8/site-packages/sklearn/cluster/_kmeans.py:870: FutureWarning: The default value of `n_init` will change from 10 to 'auto' in 1.4. Set the value of `n_init` explicitly to suppress the warning
  warnings.warn(
/cluster/home/vbarenne/miniconda3/envs/doctor/lib/python3.8/site-packages/sklearn/cluster/_kmeans.py:870: FutureWarning: The default value of `n_init` will change from 10 to 'auto' in 1.4. Set the value of `n_init` explicitly to suppress the warning
  warnings.warn(
/cluster/home/vbarenne/miniconda3/envs/doctor/lib/python3.8/site-packages/sklearn/cluster/_kmeans.py:870: FutureWarning: The default value of `n_init` will change from 10 to 'auto' in 1.4. Set the value of `n_init` explicitly to suppress the warning
  warnings.warn(
/cluster/home/vbarenne/miniconda3/envs/doctor/lib/python3.8/site-packages/sklearn/cluster/_kmeans.py:870: FutureWarning: The default value of `n_init` will change from 10 to 'auto' in 1.4. Set the value of `n_init` explicitly to suppress the warning
  warnings.warn(
/cluster/home/vbarenne/miniconda3/envs/doctor/lib/python3.8/site-packages/sklearn/cluster/_kmeans.py:870: FutureWarning: The default value of `n_init` will change from 10 to 'auto' in 1.4. Set the value of `n_init` explicitly to suppress the warning
  warnings.warn(
/cluster/home/vbarenne/miniconda3/envs/doctor/lib/python3.8/site-packages/sklearn/cluster/_kmeans.py:870: FutureWarning: The default value of `n_init` will change from 10 to 'auto' in 1.4. Set the value of `n_init` explicitly to suppress the warning
  warnings.warn(
/cluster/home/vbarenne/miniconda3/envs/doctor/lib/python3.8/site-packages/sklearn/cluster/_kmeans.py:870: FutureWarning: The default value of `n_init` will change from 10 to 'auto' in 1.4. Set the value of `n_init` explicitly to suppress the warning
  warnings.warn(
/cluster/home/vbarenne/miniconda3/envs/doctor/lib/python3.8/site-packages/sklearn/cluster/_kmeans.py:870: FutureWarning: The default value of `n_init` will change from 10 to 'auto' in 1.4. Set the value of `n_init` explicitly to suppress the warning
  warnings.warn(
/cluster/home/vbarenne/miniconda3/envs/doctor/lib/python3.8/site-packages/sklearn/cluster/_kmeans.py:870: FutureWarning: The default value of `n_init` will change from 10 to 'auto' in 1.4. Set the value of `n_init` explicitly to suppress the warning
  warnings.warn(
/cluster/home/vbarenne/miniconda3/envs/doctor/lib/python3.8/site-packages/sklearn/cluster/_kmeans.py:870: FutureWarning: The default value of `n_init` will change from 10 to 'auto' in 1.4. Set the value of `n_init` explicitly to suppress the warning
  warnings.warn(
/cluster/home/vbarenne/miniconda3/envs/doctor/lib/python3.8/site-packages/sklearn/cluster/_kmeans.py:870: FutureWarning: The default value of `n_init` will change from 10 to 'auto' in 1.4. Set the value of `n_init` explicitly to suppress the warning
  warnings.warn(
/cluster/home/vbarenne/miniconda3/envs/doctor/lib/python3.8/site-packages/sklearn/cluster/_kmeans.py:870: FutureWarning: The default value of `n_init` will change from 10 to 'auto' in 1.4. Set the value of `n_init` explicitly to suppress the warning
  warnings.warn(
/cluster/home/vbarenne/miniconda3/envs/doctor/lib/python3.8/site-packages/sklearn/cluster/_kmeans.py:870: FutureWarning: The default value of `n_init` will change from 10 to 'auto' in 1.4. Set the value of `n_init` explicitly to suppress the warning
  warnings.warn(
/cluster/home/vbarenne/miniconda3/envs/doctor/lib/python3.8/site-packages/sklearn/cluster/_kmeans.py:870: FutureWarning: The default value of `n_init` will change from 10 to 'auto' in 1.4. Set the value of `n_init` explicitly to suppress the warning
  warnings.warn(
/cluster/home/vbarenne/miniconda3/envs/doctor/lib/python3.8/site-packages/sklearn/cluster/_kmeans.py:870: FutureWarning: The default value of `n_init` will change from 10 to 'auto' in 1.4. Set the value of `n_init` explicitly to suppress the warning
  warnings.warn(
/cluster/home/vbarenne/miniconda3/envs/doctor/lib/python3.8/site-packages/sklearn/cluster/_kmeans.py:870: FutureWarning: The default value of `n_init` will change from 10 to 'auto' in 1.4. Set the value of `n_init` explicitly to suppress the warning
  warnings.warn(
/cluster/home/vbarenne/miniconda3/envs/doctor/lib/python3.8/site-packages/sklearn/cluster/_kmeans.py:870: FutureWarning: The default value of `n_init` will change from 10 to 'auto' in 1.4. Set the value of `n_init` explicitly to suppress the warning
  warnings.warn(
/cluster/home/vbarenne/miniconda3/envs/doctor/lib/python3.8/site-packages/sklearn/cluster/_kmeans.py:870: FutureWarning: The default value of `n_init` will change from 10 to 'auto' in 1.4. Set the value of `n_init` explicitly to suppress the warning
  warnings.warn(
/cluster/home/vbarenne/miniconda3/envs/doctor/lib/python3.8/site-packages/sklearn/cluster/_kmeans.py:870: FutureWarning: The default value of `n_init` will change from 10 to 'auto' in 1.4. Set the value of `n_init` explicitly to suppress the warning
  warnings.warn(
/cluster/home/vbarenne/miniconda3/envs/doctor/lib/python3.8/site-packages/sklearn/cluster/_kmeans.py:870: FutureWarning: The default value of `n_init` will change from 10 to 'auto' in 1.4. Set the value of `n_init` explicitly to suppress the warning
  warnings.warn(
/cluster/home/vbarenne/miniconda3/envs/doctor/lib/python3.8/site-packages/sklearn/cluster/_kmeans.py:870: FutureWarning: The default value of `n_init` will change from 10 to 'auto' in 1.4. Set the value of `n_init` explicitly to suppress the warning
  warnings.warn(
/cluster/home/vbarenne/miniconda3/envs/doctor/lib/python3.8/site-packages/sklearn/cluster/_kmeans.py:870: FutureWarning: The default value of `n_init` will change from 10 to 'auto' in 1.4. Set the value of `n_init` explicitly to suppress the warning
  warnings.warn(
/cluster/home/vbarenne/miniconda3/envs/doctor/lib/python3.8/site-packages/sklearn/cluster/_kmeans.py:870: FutureWarning: The default value of `n_init` will change from 10 to 'auto' in 1.4. Set the value of `n_init` explicitly to suppress the warning
  warnings.warn(
/cluster/home/vbarenne/miniconda3/envs/doctor/lib/python3.8/site-packages/sklearn/cluster/_kmeans.py:870: FutureWarning: The default value of `n_init` will change from 10 to 'auto' in 1.4. Set the value of `n_init` explicitly to suppress the warning
  warnings.warn(
/cluster/home/vbarenne/miniconda3/envs/doctor/lib/python3.8/site-packages/sklearn/cluster/_kmeans.py:870: FutureWarning: The default value of `n_init` will change from 10 to 'auto' in 1.4. Set the value of `n_init` explicitly to suppress the warning
  warnings.warn(
/cluster/home/vbarenne/miniconda3/envs/doctor/lib/python3.8/site-packages/sklearn/cluster/_kmeans.py:870: FutureWarning: The default value of `n_init` will change from 10 to 'auto' in 1.4. Set the value of `n_init` explicitly to suppress the warning
  warnings.warn(
/cluster/home/vbarenne/miniconda3/envs/doctor/lib/python3.8/site-packages/sklearn/cluster/_kmeans.py:870: FutureWarning: The default value of `n_init` will change from 10 to 'auto' in 1.4. Set the value of `n_init` explicitly to suppress the warning
  warnings.warn(
/cluster/home/vbarenne/miniconda3/envs/doctor/lib/python3.8/site-packages/sklearn/cluster/_kmeans.py:870: FutureWarning: The default value of `n_init` will change from 10 to 'auto' in 1.4. Set the value of `n_init` explicitly to suppress the warning
  warnings.warn(
/cluster/home/vbarenne/miniconda3/envs/doctor/lib/python3.8/site-packages/sklearn/cluster/_kmeans.py:870: FutureWarning: The default value of `n_init` will change from 10 to 'auto' in 1.4. Set the value of `n_init` explicitly to suppress the warning
  warnings.warn(
/cluster/home/vbarenne/miniconda3/envs/doctor/lib/python3.8/site-packages/sklearn/cluster/_kmeans.py:870: FutureWarning: The default value of `n_init` will change from 10 to 'auto' in 1.4. Set the value of `n_init` explicitly to suppress the warning
  warnings.warn(
/cluster/home/vbarenne/miniconda3/envs/doctor/lib/python3.8/site-packages/sklearn/cluster/_kmeans.py:870: FutureWarning: The default value of `n_init` will change from 10 to 'auto' in 1.4. Set the value of `n_init` explicitly to suppress the warning
  warnings.warn(
/cluster/home/vbarenne/miniconda3/envs/doctor/lib/python3.8/site-packages/sklearn/cluster/_kmeans.py:870: FutureWarning: The default value of `n_init` will change from 10 to 'auto' in 1.4. Set the value of `n_init` explicitly to suppress the warning
  warnings.warn(
/cluster/home/vbarenne/miniconda3/envs/doctor/lib/python3.8/site-packages/sklearn/cluster/_kmeans.py:870: FutureWarning: The default value of `n_init` will change from 10 to 'auto' in 1.4. Set the value of `n_init` explicitly to suppress the warning
  warnings.warn(
/cluster/home/vbarenne/miniconda3/envs/doctor/lib/python3.8/site-packages/sklearn/cluster/_kmeans.py:870: FutureWarning: The default value of `n_init` will change from 10 to 'auto' in 1.4. Set the value of `n_init` explicitly to suppress the warning
  warnings.warn(
/cluster/home/vbarenne/miniconda3/envs/doctor/lib/python3.8/site-packages/sklearn/cluster/_kmeans.py:870: FutureWarning: The default value of `n_init` will change from 10 to 'auto' in 1.4. Set the value of `n_init` explicitly to suppress the warning
  warnings.warn(
/cluster/home/vbarenne/miniconda3/envs/doctor/lib/python3.8/site-packages/sklearn/cluster/_kmeans.py:870: FutureWarning: The default value of `n_init` will change from 10 to 'auto' in 1.4. Set the value of `n_init` explicitly to suppress the warning
  warnings.warn(
/cluster/home/vbarenne/miniconda3/envs/doctor/lib/python3.8/site-packages/sklearn/cluster/_kmeans.py:870: FutureWarning: The default value of `n_init` will change from 10 to 'auto' in 1.4. Set the value of `n_init` explicitly to suppress the warning
  warnings.warn(
/cluster/home/vbarenne/miniconda3/envs/doctor/lib/python3.8/site-packages/sklearn/cluster/_kmeans.py:870: FutureWarning: The default value of `n_init` will change from 10 to 'auto' in 1.4. Set the value of `n_init` explicitly to suppress the warning
  warnings.warn(
/cluster/home/vbarenne/miniconda3/envs/doctor/lib/python3.8/site-packages/sklearn/cluster/_kmeans.py:870: FutureWarning: The default value of `n_init` will change from 10 to 'auto' in 1.4. Set the value of `n_init` explicitly to suppress the warning
  warnings.warn(
/cluster/home/vbarenne/miniconda3/envs/doctor/lib/python3.8/site-packages/sklearn/cluster/_kmeans.py:870: FutureWarning: The default value of `n_init` will change from 10 to 'auto' in 1.4. Set the value of `n_init` explicitly to suppress the warning
  warnings.warn(
/cluster/home/vbarenne/miniconda3/envs/doctor/lib/python3.8/site-packages/sklearn/cluster/_kmeans.py:870: FutureWarning: The default value of `n_init` will change from 10 to 'auto' in 1.4. Set the value of `n_init` explicitly to suppress the warning
  warnings.warn(
/cluster/home/vbarenne/miniconda3/envs/doctor/lib/python3.8/site-packages/sklearn/cluster/_kmeans.py:870: FutureWarning: The default value of `n_init` will change from 10 to 'auto' in 1.4. Set the value of `n_init` explicitly to suppress the warning
  warnings.warn(
/cluster/home/vbarenne/miniconda3/envs/doctor/lib/python3.8/site-packages/sklearn/cluster/_kmeans.py:870: FutureWarning: The default value of `n_init` will change from 10 to 'auto' in 1.4. Set the value of `n_init` explicitly to suppress the warning
  warnings.warn(
/cluster/home/vbarenne/miniconda3/envs/doctor/lib/python3.8/site-packages/sklearn/cluster/_kmeans.py:870: FutureWarning: The default value of `n_init` will change from 10 to 'auto' in 1.4. Set the value of `n_init` explicitly to suppress the warning
  warnings.warn(
/cluster/home/vbarenne/miniconda3/envs/doctor/lib/python3.8/site-packages/sklearn/cluster/_kmeans.py:870: FutureWarning: The default value of `n_init` will change from 10 to 'auto' in 1.4. Set the value of `n_init` explicitly to suppress the warning
  warnings.warn(
/cluster/home/vbarenne/miniconda3/envs/doctor/lib/python3.8/site-packages/sklearn/cluster/_kmeans.py:870: FutureWarning: The default value of `n_init` will change from 10 to 'auto' in 1.4. Set the value of `n_init` explicitly to suppress the warning
  warnings.warn(
/cluster/home/vbarenne/miniconda3/envs/doctor/lib/python3.8/site-packages/sklearn/cluster/_kmeans.py:870: FutureWarning: The default value of `n_init` will change from 10 to 'auto' in 1.4. Set the value of `n_init` explicitly to suppress the warning
  warnings.warn(
/cluster/home/vbarenne/miniconda3/envs/doctor/lib/python3.8/site-packages/sklearn/cluster/_kmeans.py:870: FutureWarning: The default value of `n_init` will change from 10 to 'auto' in 1.4. Set the value of `n_init` explicitly to suppress the warning
  warnings.warn(
/cluster/home/vbarenne/miniconda3/envs/doctor/lib/python3.8/site-packages/sklearn/cluster/_kmeans.py:870: FutureWarning: The default value of `n_init` will change from 10 to 'auto' in 1.4. Set the value of `n_init` explicitly to suppress the warning
  warnings.warn(
ProbCover Sampler initialized for threshold 0.95 with radius 3.87
Updated ProbCover Sampler using the new acquired labels, new radius: 2.73
Updated ProbCover Sampler using the new acquired labels, new radius: 2.07
Updated ProbCover Sampler using the new acquired labels, new radius: 2.0300000000000002
Updated ProbCover Sampler using the new acquired labels, new radius: 2.05
Updated ProbCover Sampler using the new acquired labels, new radius: 2.05
Updated ProbCover Sampler using the new acquired labels, new radius: 2.05
Updated ProbCover Sampler using the new acquired labels, new radius: 3.5300000000000002
Updated ProbCover Sampler using the new acquired labels, new radius: 2.0300000000000002
Updated ProbCover Sampler using the new acquired labels, new radius: 2.0300000000000002
ProbCover Sampler initialized for threshold 0.95 with radius 2.0300000000000002
Updated ProbCover Sampler using the new acquired labels, new radius: 2.02
Updated ProbCover Sampler using the new acquired labels, new radius: 2.02
Updated ProbCover Sampler using the new acquired labels, new radius: 2.04
Updated ProbCover Sampler using the new acquired labels, new radius: 2.0300000000000002
Updated ProbCover Sampler using the new acquired labels, new radius: 2.02
Updated ProbCover Sampler using the new acquired labels, new radius: 2.0300000000000002
Updated ProbCover Sampler using the new acquired labels, new radius: 2.0300000000000002
Updated ProbCover Sampler using the new acquired labels, new radius: 2.0
Updated ProbCover Sampler using the new acquired labels, new radius: 2.0300000000000002
ProbCover Sampler initialized for threshold 0.95 with radius 1.98
Updated ProbCover Sampler using the new acquired labels, new radius: 1.98
Updated ProbCover Sampler using the new acquired labels, new radius: 1.98
Updated ProbCover Sampler using the new acquired labels, new radius: 1.98
Updated ProbCover Sampler using the new acquired labels, new radius: 1.98
Updated ProbCover Sampler using the new acquired labels, new radius: 1.98
Updated ProbCover Sampler using the new acquired labels, new radius: 1.98
Updated ProbCover Sampler using the new acquired labels, new radius: 1.98
Updated ProbCover Sampler using the new acquired labels, new radius: 1.98
Updated ProbCover Sampler using the new acquired labels, new radius: 1.98
ProbCover Sampler initialized for threshold 0.95 with radius 2.2600000000000002
Updated ProbCover Sampler using the new acquired labels, new radius: 2.15
Updated ProbCover Sampler using the new acquired labels, new radius: 2.0
Updated ProbCover Sampler using the new acquired labels, new radius: 1.69
Updated ProbCover Sampler using the new acquired labels, new radius: 2.02
Updated ProbCover Sampler using the new acquired labels, new radius: 2.0100000000000002
Updated ProbCover Sampler using the new acquired labels, new radius: 2.0100000000000002
Updated ProbCover Sampler using the new acquired labels, new radius: 2.02
Updated ProbCover Sampler using the new acquired labels, new radius: 1.6600000000000001
Updated ProbCover Sampler using the new acquired labels, new radius: 2.45
ProbCover Sampler initialized for threshold 0.95 with radius 1.62
Updated ProbCover Sampler using the new acquired labels, new radius: 1.61
Updated ProbCover Sampler using the new acquired labels, new radius: 1.62
Updated ProbCover Sampler using the new acquired labels, new radius: 1.62
Updated ProbCover Sampler using the new acquired labels, new radius: 1.62
Updated ProbCover Sampler using the new acquired labels, new radius: 1.62
Updated ProbCover Sampler using the new acquired labels, new radius: 1.62
Updated ProbCover Sampler using the new acquired labels, new radius: 1.62
Updated ProbCover Sampler using the new acquired labels, new radius: 1.62
Updated ProbCover Sampler using the new acquired labels, new radius: 1.62
ProbCover Sampler initialized for threshold 0.95 with radius 1.62
Updated ProbCover Sampler using the new acquired labels, new radius: 1.62
Updated ProbCover Sampler using the new acquired labels, new radius: 1.62
Updated ProbCover Sampler using the new acquired labels, new radius: 1.62
Updated ProbCover Sampler using the new acquired labels, new radius: 1.62
Updated ProbCover Sampler using the new acquired labels, new radius: 1.62
Updated ProbCover Sampler using the new acquired labels, new radius: 1.62
Updated ProbCover Sampler using the new acquired labels, new radius: 1.62
Updated ProbCover Sampler using the new acquired labels, new radius: 1.62
Updated ProbCover Sampler using the new acquired labels, new radius: 1.62
ProbCover Sampler initialized for threshold 0.95 with radius 1.8900000000000001
Updated ProbCover Sampler using the new acquired labels, new radius: 1.97
Updated ProbCover Sampler using the new acquired labels, new radius: 1.43
Updated ProbCover Sampler using the new acquired labels, new radius: 1.34
Updated ProbCover Sampler using the new acquired labels, new radius: 1.96
Updated ProbCover Sampler using the new acquired labels, new radius: 1.32
Updated ProbCover Sampler using the new acquired labels, new radius: 1.32
Updated ProbCover Sampler using the new acquired labels, new radius: 1.32
Updated ProbCover Sampler using the new acquired labels, new radius: 1.32
Updated ProbCover Sampler using the new acquired labels, new radius: 1.33
ProbCover Sampler initialized for threshold 0.95 with radius 1.42
Updated ProbCover Sampler using the new acquired labels, new radius: 1.41
Updated ProbCover Sampler using the new acquired labels, new radius: 1.42
Updated ProbCover Sampler using the new acquired labels, new radius: 1.42
Updated ProbCover Sampler using the new acquired labels, new radius: 1.42
Updated ProbCover Sampler using the new acquired labels, new radius: 1.42
Updated ProbCover Sampler using the new acquired labels, new radius: 1.42
Updated ProbCover Sampler using the new acquired labels, new radius: 1.4000000000000001
Updated ProbCover Sampler using the new acquired labels, new radius: 1.42
Updated ProbCover Sampler using the new acquired labels, new radius: 1.42
ProbCover Sampler initialized for threshold 0.95 with radius 1.42
Updated ProbCover Sampler using the new acquired labels, new radius: 1.42
Updated ProbCover Sampler using the new acquired labels, new radius: 1.42
Updated ProbCover Sampler using the new acquired labels, new radius: 1.42
Updated ProbCover Sampler using the new acquired labels, new radius: 1.42
Updated ProbCover Sampler using the new acquired labels, new radius: 1.42
Updated ProbCover Sampler using the new acquired labels, new radius: 1.42
Updated ProbCover Sampler using the new acquired labels, new radius: 1.42
Updated ProbCover Sampler using the new acquired labels, new radius: 1.42
Updated ProbCover Sampler using the new acquired labels, new radius: 1.42
ProbCover Sampler initialized for threshold 0.95 with radius 1.82
Updated ProbCover Sampler using the new acquired labels, new radius: 1.5
Updated ProbCover Sampler using the new acquired labels, new radius: 1.59
Updated ProbCover Sampler using the new acquired labels, new radius: 1.18
Updated ProbCover Sampler using the new acquired labels, new radius: 1.17
Updated ProbCover Sampler using the new acquired labels, new radius: 1.49
Updated ProbCover Sampler using the new acquired labels, new radius: 1.68
Updated ProbCover Sampler using the new acquired labels, new radius: 1.07
Updated ProbCover Sampler using the new acquired labels, new radius: 1.06
Updated ProbCover Sampler using the new acquired labels, new radius: 1.06
ProbCover Sampler initialized for threshold 0.95 with radius 1.11
Updated ProbCover Sampler using the new acquired labels, new radius: 1.11
Updated ProbCover Sampler using the new acquired labels, new radius: 1.11
Updated ProbCover Sampler using the new acquired labels, new radius: 1.1
Updated ProbCover Sampler using the new acquired labels, new radius: 1.11
Updated ProbCover Sampler using the new acquired labels, new radius: 1.11
Updated ProbCover Sampler using the new acquired labels, new radius: 1.11
Updated ProbCover Sampler using the new acquired labels, new radius: 1.12
Updated ProbCover Sampler using the new acquired labels, new radius: 1.11
Updated ProbCover Sampler using the new acquired labels, new radius: 1.1
ProbCover Sampler initialized for threshold 0.95 with radius 1.11
Updated ProbCover Sampler using the new acquired labels, new radius: 1.11
Updated ProbCover Sampler using the new acquired labels, new radius: 1.11
Updated ProbCover Sampler using the new acquired labels, new radius: 1.11
Updated ProbCover Sampler using the new acquired labels, new radius: 1.11
Updated ProbCover Sampler using the new acquired labels, new radius: 1.11
Updated ProbCover Sampler using the new acquired labels, new radius: 1.11
Updated ProbCover Sampler using the new acquired labels, new radius: 1.11
Updated ProbCover Sampler using the new acquired labels, new radius: 1.11
Updated ProbCover Sampler using the new acquired labels, new radius: 1.11
ProbCover Sampler initialized for threshold 0.95 with radius 1.79
Updated ProbCover Sampler using the new acquired labels, new radius: 1.74
Updated ProbCover Sampler using the new acquired labels, new radius: 1.69
Updated ProbCover Sampler using the new acquired labels, new radius: 1.73
Updated ProbCover Sampler using the new acquired labels, new radius: 1.1
Updated ProbCover Sampler using the new acquired labels, new radius: 1.02
Updated ProbCover Sampler using the new acquired labels, new radius: 1.01
Updated ProbCover Sampler using the new acquired labels, new radius: 1.01
Updated ProbCover Sampler using the new acquired labels, new radius: 1.01
Updated ProbCover Sampler using the new acquired labels, new radius: 1.01
ProbCover Sampler initialized for threshold 0.95 with radius 1.07
Updated ProbCover Sampler using the new acquired labels, new radius: 1.06
Updated ProbCover Sampler using the new acquired labels, new radius: 1.06
Updated ProbCover Sampler using the new acquired labels, new radius: 1.07
Updated ProbCover Sampler using the new acquired labels, new radius: 1.06
Updated ProbCover Sampler using the new acquired labels, new radius: 1.07
Updated ProbCover Sampler using the new acquired labels, new radius: 1.07
Updated ProbCover Sampler using the new acquired labels, new radius: 1.07
Updated ProbCover Sampler using the new acquired labels, new radius: 1.07
Updated ProbCover Sampler using the new acquired labels, new radius: 1.06
ProbCover Sampler initialized for threshold 0.95 with radius 1.07
Updated ProbCover Sampler using the new acquired labels, new radius: 1.07
Updated ProbCover Sampler using the new acquired labels, new radius: 1.07
Updated ProbCover Sampler using the new acquired labels, new radius: 1.07
Updated ProbCover Sampler using the new acquired labels, new radius: 1.07
Updated ProbCover Sampler using the new acquired labels, new radius: 1.07
Updated ProbCover Sampler using the new acquired labels, new radius: 1.07
Updated ProbCover Sampler using the new acquired labels, new radius: 1.07
Updated ProbCover Sampler using the new acquired labels, new radius: 1.07
Updated ProbCover Sampler using the new acquired labels, new radius: 1.07
Python 3.8.15 (default, Nov 24 2022, 15:19:38) 
Type 'copyright', 'credits' or 'license' for more information
IPython 8.7.0 -- An enhanced Interactive Python. Type '?' for help.

In [1]: Do you really want to exit ([y]/n)? 

